#
# There is insufficient memory for the Java Runtime Environment to continue.
# Native memory allocation (malloc) failed to allocate 262160 bytes for Chunk::new
# Possible reasons:
#   The system is out of physical RAM or swap space
#   The process is running with CompressedOops enabled, and the Java Heap may be blocking the growth of the native heap
# Possible solutions:
#   Reduce memory load on the system
#   Increase physical memory or swap space
#   Check if swap backing store is full
#   Decrease Java heap size (-Xmx/-Xms)
#   Decrease number of Java threads
#   Decrease Java thread stack sizes (-Xss)
#   Set larger code cache with -XX:ReservedCodeCacheSize=
#   JVM is running with Unscaled Compressed Oops mode in which the Java heap is
#     placed in the first 4GB address space. The Java Heap base address is the
#     maximum limit for the native heap growth. Please use -XX:HeapBaseMinAddress
#     to set the Java Heap base and to place the Java Heap above 4GB virtual address.
# This output file may be truncated or incomplete.
#
#  Out of Memory Error (allocation.cpp:389), pid=9316, tid=0x0000000000002c20
#
# JRE version: OpenJDK Runtime Environment (8.0_212-b04) (build 1.8.0_212-release-1586-b04)
# Java VM: OpenJDK 64-Bit Server VM (25.212-b04 mixed mode windows-amd64 compressed oops)
# Failed to write core dump. Minidumps are not enabled by default on client versions of Windows
#

---------------  T H R E A D  ---------------

Current thread (0x00000000166d9800):  JavaThread "C2 CompilerThread0" daemon [_thread_in_native, id=11296, stack(0x0000000017d40000,0x0000000017e40000)]

Stack: [0x0000000017d40000,0x0000000017e40000]
[error occurred during error reporting (printing stack bounds), id 0xc0000005]

Native frames: (J=compiled Java code, j=interpreted, Vv=VM code, C=native code)


Current CompileTask:
C2:  10842 1459       4       java.net.URLClassLoader$1::run (5 bytes)


---------------  P R O C E S S  ---------------

Java Threads: ( => current thread )
  0x0000000019064000 JavaThread "Cache worker for journal cache (C:\Users\eng ejlal\.gradle\caches\journal-1)" [_thread_blocked, id=11912, stack(0x000000001c460000,0x000000001c560000)]
  0x0000000019062800 JavaThread "File lock request listener" [_thread_in_native, id=8936, stack(0x000000001c360000,0x000000001c460000)]
  0x0000000019061000 JavaThread "Cache worker for file hash cache (C:\Users\eng ejlal\.gradle\caches\5.6.4\fileHashes)" [_thread_blocked, id=6268, stack(0x000000001c260000,0x000000001c360000)]
  0x0000000018d9f800 JavaThread "Thread-9" [_thread_blocked, id=3164, stack(0x000000001bf60000,0x000000001c060000)]
  0x000000001968b000 JavaThread "Stdin handler" [_thread_blocked, id=752, stack(0x000000001be60000,0x000000001bf60000)]
  0x000000001968a000 JavaThread "Asynchronous log dispatcher for DefaultDaemonConnection: socket connection from /127.0.0.1:55044 to /127.0.0.1:55045" [_thread_blocked, id=10360, stack(0x000000001bd60000,0x000000001be60000)]
  0x000000001a0eb800 JavaThread "Daemon worker" [_thread_in_vm, id=6892, stack(0x000000001bc60000,0x000000001bd60000)]
  0x0000000019e35800 JavaThread "Cancel handler" [_thread_blocked, id=13232, stack(0x000000001bb60000,0x000000001bc60000)]
  0x00000000197a9000 JavaThread "Handler for socket connection from /127.0.0.1:55044 to /127.0.0.1:55045" [_thread_in_native, id=7468, stack(0x000000001b860000,0x000000001b960000)]
  0x0000000019e27000 JavaThread "Daemon" [_thread_blocked, id=10836, stack(0x000000001b760000,0x000000001b860000)]
  0x0000000019e24000 JavaThread "Daemon periodic checks" [_thread_blocked, id=2156, stack(0x000000001b660000,0x000000001b760000)]
  0x0000000019dda000 JavaThread "Incoming local TCP Connector on port 55044" [_thread_in_native, id=10960, stack(0x000000001b420000,0x000000001b520000)]
  0x0000000019d17000 JavaThread "Daemon health stats" [_thread_blocked, id=11596, stack(0x000000001ade0000,0x000000001aee0000)]
  0x000000001673c000 JavaThread "Service Thread" daemon [_thread_blocked, id=9976, stack(0x0000000018440000,0x0000000018540000)]
  0x00000000166e9800 JavaThread "C1 CompilerThread2" daemon [_thread_blocked, id=1252, stack(0x0000000017f40000,0x0000000018040000)]
  0x00000000166e0000 JavaThread "C2 CompilerThread1" daemon [_thread_in_native, id=8188, stack(0x0000000017e40000,0x0000000017f40000)]
=>0x00000000166d9800 JavaThread "C2 CompilerThread0" daemon [_thread_in_native, id=11296, stack(0x0000000017d40000,0x0000000017e40000)]
  0x00000000166e7000 JavaThread "Attach Listener" daemon [_thread_blocked, id=14256, stack(0x0000000017c40000,0x0000000017d40000)]
  0x00000000166e5800 JavaThread "Signal Dispatcher" daemon [_thread_blocked, id=9380, stack(0x0000000017b40000,0x0000000017c40000)]
  0x0000000002c6d800 JavaThread "Finalizer" daemon [_thread_blocked, id=9116, stack(0x0000000017940000,0x0000000017a40000)]
  0x0000000002c62000 JavaThread "Reference Handler" daemon [_thread_blocked, id=2360, stack(0x0000000017840000,0x0000000017940000)]
  0x0000000002b72800 JavaThread "main" [_thread_blocked, id=5952, stack(0x0000000001260000,0x0000000001360000)]

Other Threads:
  0x00000000166a5800 VMThread [stack: 0x0000000017740000,0x0000000017840000] [id=2172]
  0x000000001673d800 WatcherThread [stack: 0x0000000018540000,0x0000000018640000] [id=4316]

VM state:at safepoint (normal execution)

VM Mutex/Monitor currently owned by a thread:  ([mutex/lock_event])
[0x0000000002cdd9a0] Threads_lock - owner thread: 0x00000000166a5800
[0x0000000002cdd620] Heap_lock - owner thread: 0x000000001a0eb800

heap address: 0x00000000a0000000, size: 1536 MB, Compressed Oops mode: 32-bit
Narrow klass base: 0x0000000000000000, Narrow klass shift: 3
Compressed class space size: 1073741824 Address: 0x0000000100000000

Heap:
 PSYoungGen      total 28672K, used 21711K [0x00000000e0000000, 0x00000000e4000000, 0x0000000100000000)
  eden space 24576K, 71% used [0x00000000e0000000,0x00000000e113bf28,0x00000000e1800000)
  from space 4096K, 99% used [0x00000000e1800000,0x00000000e1bf8020,0x00000000e1c00000)
  to   space 8192K, 0% used [0x00000000e3800000,0x00000000e3800000,0x00000000e4000000)
 ParOldGen       total 65536K, used 4680K [0x00000000a0000000, 0x00000000a4000000, 0x00000000e0000000)
  object space 65536K, 7% used [0x00000000a0000000,0x00000000a04921a8,0x00000000a4000000)
 Metaspace       used 15084K, capacity 15470K, committed 15616K, reserved 1067008K
  class space    used 2126K, capacity 2265K, committed 2304K, reserved 1048576K

Card table byte_map: [0x0000000012130000,0x0000000012440000] byte_map_base: 0x0000000011c30000

Marking Bits: (ParMarkBitMap*) 0x0000000062319f30
 Begin Bits: [0x0000000012a40000, 0x0000000014240000)
 End Bits:   [0x0000000014240000, 0x0000000015a40000)

Polling page: 0x00000000009d0000

CodeCache: size=245760Kb used=4793Kb max_used=4878Kb free=240966Kb
 bounds [0x0000000002d70000, 0x0000000003240000, 0x0000000011d70000]
 total_blobs=1766 nmethods=1381 adapters=298
 compilation: enabled

Compilation events (10 events):
Event: 10.777 Thread 0x00000000166e9800 1527       3       com.google.common.base.Preconditions::checkNotNull (14 bytes)
Event: 10.777 Thread 0x00000000166e9800 nmethod 1527 0x0000000002e93550 code [0x0000000002e936c0, 0x0000000002e938e8]
Event: 10.783 Thread 0x00000000166e9800 1528       3       org.gradle.api.file.internal.FilePathUtil::sizeOfCommonPrefix (142 bytes)
Event: 10.789 Thread 0x00000000166e9800 nmethod 1528 0x0000000003082a10 code [0x0000000003082c80, 0x00000000030840a8]
Event: 10.789 Thread 0x00000000166e9800 1529       3       org.gradle.internal.file.DefaultFileHierarchySet$Node::sizeOfCommonPrefix (10 bytes)
Event: 10.790 Thread 0x00000000166e9800 nmethod 1529 0x0000000002e93110 code [0x0000000002e93280, 0x0000000002e93468]
Event: 10.790 Thread 0x00000000166e9800 1530       3       org.gradle.api.file.internal.FilePathUtil::sizeOfCommonPrefix (10 bytes)
Event: 10.790 Thread 0x00000000166e9800 nmethod 1530 0x0000000003082690 code [0x0000000003082800, 0x0000000003082968]
Event: 10.803 Thread 0x00000000166e9800 1532       3       java.io.WinNTFileSystem::parentOrNull (171 bytes)
Event: 10.808 Thread 0x00000000166e9800 nmethod 1532 0x0000000002fe80d0 code [0x0000000002fe8300, 0x0000000002fe9078]

GC Heap History (10 events):
Event: 3.033 GC heap before
{Heap before GC invocations=1 (full 0):
 PSYoungGen      total 28672K, used 24576K [0x00000000e0000000, 0x00000000e2000000, 0x0000000100000000)
  eden space 24576K, 100% used [0x00000000e0000000,0x00000000e1800000,0x00000000e1800000)
  from space 4096K, 0% used [0x00000000e1c00000,0x00000000e1c00000,0x00000000e2000000)
  to   space 4096K, 0% used [0x00000000e1800000,0x00000000e1800000,0x00000000e1c00000)
 ParOldGen       total 65536K, used 0K [0x00000000a0000000, 0x00000000a4000000, 0x00000000e0000000)
  object space 65536K, 0% used [0x00000000a0000000,0x00000000a0000000,0x00000000a4000000)
 Metaspace       used 6363K, capacity 6508K, committed 6784K, reserved 1056768K
  class space    used 771K, capacity 812K, committed 896K, reserved 1048576K
Event: 3.061 GC heap after
Heap after GC invocations=1 (full 0):
 PSYoungGen      total 28672K, used 3642K [0x00000000e0000000, 0x00000000e2000000, 0x0000000100000000)
  eden space 24576K, 0% used [0x00000000e0000000,0x00000000e0000000,0x00000000e1800000)
  from space 4096K, 88% used [0x00000000e1800000,0x00000000e1b8eaa0,0x00000000e1c00000)
  to   space 4096K, 0% used [0x00000000e1c00000,0x00000000e1c00000,0x00000000e2000000)
 ParOldGen       total 65536K, used 8K [0x00000000a0000000, 0x00000000a4000000, 0x00000000e0000000)
  object space 65536K, 0% used [0x00000000a0000000,0x00000000a0002000,0x00000000a4000000)
 Metaspace       used 6363K, capacity 6508K, committed 6784K, reserved 1056768K
  class space    used 771K, capacity 812K, committed 896K, reserved 1048576K
}
Event: 4.454 GC heap before
{Heap before GC invocations=2 (full 0):
 PSYoungGen      total 28672K, used 28218K [0x00000000e0000000, 0x00000000e2000000, 0x0000000100000000)
  eden space 24576K, 100% used [0x00000000e0000000,0x00000000e1800000,0x00000000e1800000)
  from space 4096K, 88% used [0x00000000e1800000,0x00000000e1b8eaa0,0x00000000e1c00000)
  to   space 4096K, 0% used [0x00000000e1c00000,0x00000000e1c00000,0x00000000e2000000)
 ParOldGen       total 65536K, used 8K [0x00000000a0000000, 0x00000000a4000000, 0x00000000e0000000)
  object space 65536K, 0% used [0x00000000a0000000,0x00000000a0002000,0x00000000a4000000)
 Metaspace       used 6756K, capacity 6956K, committed 7040K, reserved 1056768K
  class space    used 817K, capacity 876K, committed 896K, reserved 1048576K
Event: 4.465 GC heap after
Heap after GC invocations=2 (full 0):
 PSYoungGen      total 28672K, used 2353K [0x00000000e0000000, 0x00000000e2000000, 0x0000000100000000)
  eden space 24576K, 0% used [0x00000000e0000000,0x00000000e0000000,0x00000000e1800000)
  from space 4096K, 57% used [0x00000000e1c00000,0x00000000e1e4c790,0x00000000e2000000)
  to   space 4096K, 0% used [0x00000000e1800000,0x00000000e1800000,0x00000000e1c00000)
 ParOldGen       total 65536K, used 24K [0x00000000a0000000, 0x00000000a4000000, 0x00000000e0000000)
  object space 65536K, 0% used [0x00000000a0000000,0x00000000a0006000,0x00000000a4000000)
 Metaspace       used 6756K, capacity 6956K, committed 7040K, reserved 1056768K
  class space    used 817K, capacity 876K, committed 896K, reserved 1048576K
}
Event: 5.334 GC heap before
{Heap before GC invocations=3 (full 0):
 PSYoungGen      total 28672K, used 26929K [0x00000000e0000000, 0x00000000e2000000, 0x0000000100000000)
  eden space 24576K, 100% used [0x00000000e0000000,0x00000000e1800000,0x00000000e1800000)
  from space 4096K, 57% used [0x00000000e1c00000,0x00000000e1e4c790,0x00000000e2000000)
  to   space 4096K, 0% used [0x00000000e1800000,0x00000000e1800000,0x00000000e1c00000)
 ParOldGen       total 65536K, used 24K [0x00000000a0000000, 0x00000000a4000000, 0x00000000e0000000)
  object space 65536K, 0% used [0x00000000a0000000,0x00000000a0006000,0x00000000a4000000)
 Metaspace       used 7213K, capacity 7526K, committed 7680K, reserved 1056768K
  class space    used 906K, capacity 981K, committed 1024K, reserved 1048576K
Event: 5.344 GC heap after
Heap after GC invocations=3 (full 0):
 PSYoungGen      total 28672K, used 3569K [0x00000000e0000000, 0x00000000e2000000, 0x0000000100000000)
  eden space 24576K, 0% used [0x00000000e0000000,0x00000000e0000000,0x00000000e1800000)
  from space 4096K, 87% used [0x00000000e1800000,0x00000000e1b7c500,0x00000000e1c00000)
  to   space 4096K, 0% used [0x00000000e1c00000,0x00000000e1c00000,0x00000000e2000000)
 ParOldGen       total 65536K, used 32K [0x00000000a0000000, 0x00000000a4000000, 0x00000000e0000000)
  object space 65536K, 0% used [0x00000000a0000000,0x00000000a0008000,0x00000000a4000000)
 Metaspace       used 7213K, capacity 7526K, committed 7680K, reserved 1056768K
  class space    used 906K, capacity 981K, committed 1024K, reserved 1048576K
}
Event: 9.309 GC heap before
{Heap before GC invocations=4 (full 0):
 PSYoungGen      total 28672K, used 28145K [0x00000000e0000000, 0x00000000e2000000, 0x0000000100000000)
  eden space 24576K, 100% used [0x00000000e0000000,0x00000000e1800000,0x00000000e1800000)
  from space 4096K, 87% used [0x00000000e1800000,0x00000000e1b7c500,0x00000000e1c00000)
  to   space 4096K, 0% used [0x00000000e1c00000,0x00000000e1c00000,0x00000000e2000000)
 ParOldGen       total 65536K, used 32K [0x00000000a0000000, 0x00000000a4000000, 0x00000000e0000000)
  object space 65536K, 0% used [0x00000000a0000000,0x00000000a0008000,0x00000000a4000000)
 Metaspace       used 12261K, capacity 12662K, committed 12800K, reserved 1060864K
  class space    used 1637K, capacity 1771K, committed 1792K, reserved 1048576K
Event: 9.333 GC heap after
Heap after GC invocations=4 (full 0):
 PSYoungGen      total 28672K, used 4080K [0x00000000e0000000, 0x00000000e2000000, 0x0000000100000000)
  eden space 24576K, 0% used [0x00000000e0000000,0x00000000e0000000,0x00000000e1800000)
  from space 4096K, 99% used [0x00000000e1c00000,0x00000000e1ffc010,0x00000000e2000000)
  to   space 4096K, 0% used [0x00000000e1800000,0x00000000e1800000,0x00000000e1c00000)
 ParOldGen       total 65536K, used 1999K [0x00000000a0000000, 0x00000000a4000000, 0x00000000e0000000)
  object space 65536K, 3% used [0x00000000a0000000,0x00000000a01f3de0,0x00000000a4000000)
 Metaspace       used 12261K, capacity 12662K, committed 12800K, reserved 1060864K
  class space    used 1637K, capacity 1771K, committed 1792K, reserved 1048576K
}
Event: 10.262 GC heap before
{Heap before GC invocations=5 (full 0):
 PSYoungGen      total 28672K, used 28656K [0x00000000e0000000, 0x00000000e2000000, 0x0000000100000000)
  eden space 24576K, 100% used [0x00000000e0000000,0x00000000e1800000,0x00000000e1800000)
  from space 4096K, 99% used [0x00000000e1c00000,0x00000000e1ffc010,0x00000000e2000000)
  to   space 4096K, 0% used [0x00000000e1800000,0x00000000e1800000,0x00000000e1c00000)
 ParOldGen       total 65536K, used 1999K [0x00000000a0000000, 0x00000000a4000000, 0x00000000e0000000)
  object space 65536K, 3% used [0x00000000a0000000,0x00000000a01f3de0,0x00000000a4000000)
 Metaspace       used 14241K, capacity 14652K, committed 14976K, reserved 1062912K
  class space    used 1969K, capacity 2094K, committed 2176K, reserved 1048576K
Event: 10.285 GC heap after
Heap after GC invocations=5 (full 0):
 PSYoungGen      total 28672K, used 4064K [0x00000000e0000000, 0x00000000e4000000, 0x0000000100000000)
  eden space 24576K, 0% used [0x00000000e0000000,0x00000000e0000000,0x00000000e1800000)
  from space 4096K, 99% used [0x00000000e1800000,0x00000000e1bf8020,0x00000000e1c00000)
  to   space 8192K, 0% used [0x00000000e3800000,0x00000000e3800000,0x00000000e4000000)
 ParOldGen       total 65536K, used 4680K [0x00000000a0000000, 0x00000000a4000000, 0x00000000e0000000)
  object space 65536K, 7% used [0x00000000a0000000,0x00000000a04921a8,0x00000000a4000000)
 Metaspace       used 14241K, capacity 14652K, committed 14976K, reserved 1062912K
  class space    used 1969K, capacity 2094K, committed 2176K, reserved 1048576K
}

Deoptimization events (10 events):
Event: 5.954 Thread 0x0000000002b72800 Uncommon trap: reason=bimorphic action=maybe_recompile pc=0x00000000030457f8 method=java.util.HashMap.putVal(ILjava/lang/Object;Ljava/lang/Object;ZZ)Ljava/lang/Object; @ 203
Event: 7.092 Thread 0x0000000002b72800 Uncommon trap: reason=unstable_if action=reinterpret pc=0x0000000003058ff0 method=java.io.WinNTFileSystem.normalize(Ljava/lang/String;)Ljava/lang/String; @ 128
Event: 8.865 Thread 0x00000000197a9000 Uncommon trap: reason=unstable_if action=reinterpret pc=0x00000000031758ac method=java.util.concurrent.ConcurrentHashMap.putVal(Ljava/lang/Object;Ljava/lang/Object;Z)Ljava/lang/Object; @ 206
Event: 9.107 Thread 0x000000001a0eb800 Uncommon trap: reason=bimorphic action=maybe_recompile pc=0x000000000304497c method=java.util.HashMap.putVal(ILjava/lang/Object;Ljava/lang/Object;ZZ)Ljava/lang/Object; @ 253
Event: 9.107 Thread 0x000000001a0eb800 Uncommon trap: reason=bimorphic action=maybe_recompile pc=0x000000000304497c method=java.util.HashMap.putVal(ILjava/lang/Object;Ljava/lang/Object;ZZ)Ljava/lang/Object; @ 253
Event: 9.107 Thread 0x000000001a0eb800 Uncommon trap: reason=bimorphic action=maybe_recompile pc=0x000000000304497c method=java.util.HashMap.putVal(ILjava/lang/Object;Ljava/lang/Object;ZZ)Ljava/lang/Object; @ 253
Event: 9.959 Thread 0x000000001a0eb800 Uncommon trap: reason=class_check action=maybe_recompile pc=0x0000000003074ad8 method=java.util.regex.Matcher.match(II)Z @ 86
Event: 10.003 Thread 0x000000001a0eb800 Uncommon trap: reason=class_check action=maybe_recompile pc=0x0000000003074ad8 method=java.util.regex.Matcher.match(II)Z @ 86
Event: 10.005 Thread 0x000000001a0eb800 Uncommon trap: reason=class_check action=maybe_recompile pc=0x0000000003074ad8 method=java.util.regex.Matcher.match(II)Z @ 86
Event: 10.006 Thread 0x000000001a0eb800 Uncommon trap: reason=class_check action=maybe_recompile pc=0x0000000002ee07cc method=java.util.regex.Matcher.match(II)Z @ 86

Classes redefined (0 events):
No events

Internal exceptions (10 events):
Event: 8.882 Thread 0x00000000197a9000 Exception <a 'java/lang/NoSuchMethodError': <clinit>> (0x00000000e12a12a0) thrown at [D:\src\AOSP-openjdk-cygwin\jdk8u\hotspot\src\share\vm\prims\jni.cpp, line 1614]
Event: 8.895 Thread 0x00000000197a9000 Exception <a 'java/lang/NoSuchMethodError': <clinit>> (0x00000000e12b4450) thrown at [D:\src\AOSP-openjdk-cygwin\jdk8u\hotspot\src\share\vm\prims\jni.cpp, line 1614]
Event: 8.909 Thread 0x00000000197a9000 Exception <a 'java/lang/NoSuchMethodError': <clinit>> (0x00000000e12db8a8) thrown at [D:\src\AOSP-openjdk-cygwin\jdk8u\hotspot\src\share\vm\prims\jni.cpp, line 1614]
Event: 8.916 Thread 0x00000000197a9000 Exception <a 'java/lang/NoSuchMethodError': <clinit>> (0x00000000e12f3900) thrown at [D:\src\AOSP-openjdk-cygwin\jdk8u\hotspot\src\share\vm\prims\jni.cpp, line 1614]
Event: 8.918 Thread 0x00000000197a9000 Exception <a 'java/lang/NoSuchMethodError': <clinit>> (0x00000000e12fc590) thrown at [D:\src\AOSP-openjdk-cygwin\jdk8u\hotspot\src\share\vm\prims\jni.cpp, line 1614]
Event: 8.926 Thread 0x00000000197a9000 Exception <a 'java/lang/NoSuchMethodError': <clinit>> (0x00000000e1312c18) thrown at [D:\src\AOSP-openjdk-cygwin\jdk8u\hotspot\src\share\vm\prims\jni.cpp, line 1614]
Event: 8.961 Thread 0x00000000197a9000 Exception <a 'java/lang/NoSuchMethodError': <clinit>> (0x00000000e13710a0) thrown at [D:\src\AOSP-openjdk-cygwin\jdk8u\hotspot\src\share\vm\prims\jni.cpp, line 1614]
Event: 8.977 Thread 0x00000000197a9000 Exception <a 'java/lang/NoSuchMethodError': <clinit>> (0x00000000e139de28) thrown at [D:\src\AOSP-openjdk-cygwin\jdk8u\hotspot\src\share\vm\prims\jni.cpp, line 1614]
Event: 9.003 Thread 0x00000000197a9000 Exception <a 'java/lang/NoSuchMethodError': <clinit>> (0x00000000e13cc270) thrown at [D:\src\AOSP-openjdk-cygwin\jdk8u\hotspot\src\share\vm\prims\jni.cpp, line 1614]
Event: 9.014 Thread 0x00000000197a9000 Exception <a 'java/lang/NoSuchMethodError': <clinit>> (0x00000000e13d76c8) thrown at [D:\src\AOSP-openjdk-cygwin\jdk8u\hotspot\src\share\vm\prims\jni.cpp, line 1614]

Events (10 events):
Event: 10.799 loading class org/gradle/internal/snapshot/FileSystemSnapshot
Event: 10.799 loading class org/gradle/internal/snapshot/FileSystemSnapshot done
Event: 10.800 loading class org/apache/tools/ant/DirectoryScanner
Event: 10.800 loading class org/apache/tools/ant/DirectoryScanner done
Event: 10.805 loading class org/apache/tools/ant/FileScanner
Event: 10.806 loading class org/apache/tools/ant/FileScanner done
Event: 10.809 loading class org/apache/tools/ant/types/selectors/SelectorScanner
Event: 10.809 loading class org/apache/tools/ant/types/selectors/SelectorScanner done
Event: 10.810 loading class org/apache/tools/ant/types/ResourceFactory
Event: 10.810 loading class org/apache/tools/ant/types/ResourceFactory done


Dynamic libraries:
0x00007ff6df330000 - 0x00007ff6df361000 	C:\Program Files\Android\Android Studio\jre\bin\java.exe
0x00007fff8b500000 - 0x00007fff8b6f0000 	C:\Windows\SYSTEM32\ntdll.dll
0x00007fff8a910000 - 0x00007fff8a9c2000 	C:\Windows\System32\KERNEL32.DLL
0x00007fff89030000 - 0x00007fff892d2000 	C:\Windows\System32\KERNELBASE.dll
0x00007fff89da0000 - 0x00007fff89e43000 	C:\Windows\System32\ADVAPI32.dll
0x00007fff89ca0000 - 0x00007fff89d3e000 	C:\Windows\System32\msvcrt.dll
0x00007fff8a870000 - 0x00007fff8a907000 	C:\Windows\System32\sechost.dll
0x00007fff89f10000 - 0x00007fff8a030000 	C:\Windows\System32\RPCRT4.dll
0x00007fff8b120000 - 0x00007fff8b2b3000 	C:\Windows\System32\USER32.dll
0x00007fff89340000 - 0x00007fff89361000 	C:\Windows\System32\win32u.dll
0x00007fff8af30000 - 0x00007fff8af56000 	C:\Windows\System32\GDI32.dll
0x00007fff88e90000 - 0x00007fff89024000 	C:\Windows\System32\gdi32full.dll
0x00007fff88cf0000 - 0x00007fff88d8e000 	C:\Windows\System32\msvcp_win.dll
0x00007fff88d90000 - 0x00007fff88e8a000 	C:\Windows\System32\ucrtbase.dll
0x00007fff7b440000 - 0x00007fff7b6c5000 	C:\Windows\WinSxS\amd64_microsoft.windows.common-controls_6595b64144ccf1df_6.0.18362.30_none_a1435978519dce7f\COMCTL32.dll
0x00007fff8abf0000 - 0x00007fff8af26000 	C:\Windows\System32\combase.dll
0x00007fff884c0000 - 0x00007fff88541000 	C:\Windows\System32\bcryptPrimitives.dll
0x00007fff8a5a0000 - 0x00007fff8a5ce000 	C:\Windows\System32\IMM32.DLL
0x0000000062f10000 - 0x0000000062fe2000 	C:\Program Files\Android\Android Studio\jre\jre\bin\msvcr100.dll
0x0000000061b50000 - 0x0000000062396000 	C:\Program Files\Android\Android Studio\jre\jre\bin\server\jvm.dll
0x00007fff8a730000 - 0x00007fff8a738000 	C:\Windows\System32\PSAPI.DLL
0x00007fff78c50000 - 0x00007fff78c5a000 	C:\Windows\SYSTEM32\VERSION.dll
0x00007fff859b0000 - 0x00007fff859d4000 	C:\Windows\SYSTEM32\WINMM.dll
0x00007fff84370000 - 0x00007fff84379000 	C:\Windows\SYSTEM32\WSOCK32.dll
0x00007fff85980000 - 0x00007fff859ad000 	C:\Windows\SYSTEM32\winmmbase.dll
0x00007fff89370000 - 0x00007fff893ba000 	C:\Windows\System32\cfgmgr32.dll
0x00007fff8b0b0000 - 0x00007fff8b11f000 	C:\Windows\System32\WS2_32.dll
0x00007fff82360000 - 0x00007fff8236f000 	C:\Program Files\Android\Android Studio\jre\jre\bin\verify.dll
0x00007fff6d4f0000 - 0x00007fff6d519000 	C:\Program Files\Android\Android Studio\jre\jre\bin\java.dll
0x00007fff6c490000 - 0x00007fff6c4a6000 	C:\Program Files\Android\Android Studio\jre\jre\bin\zip.dll
0x00007fff895c0000 - 0x00007fff89ca0000 	C:\Windows\System32\SHELL32.dll
0x00007fff89e50000 - 0x00007fff89ef9000 	C:\Windows\System32\shcore.dll
0x00007fff88550000 - 0x00007fff88ccb000 	C:\Windows\System32\windows.storage.dll
0x00007fff88400000 - 0x00007fff8841f000 	C:\Windows\System32\profapi.dll
0x00007fff88440000 - 0x00007fff8848a000 	C:\Windows\System32\powrprof.dll
0x00007fff883d0000 - 0x00007fff883e0000 	C:\Windows\System32\UMPDC.dll
0x00007fff8b2c0000 - 0x00007fff8b312000 	C:\Windows\System32\shlwapi.dll
0x00007fff883e0000 - 0x00007fff883f1000 	C:\Windows\System32\kernel.appcore.dll
0x00007fff88cd0000 - 0x00007fff88ce7000 	C:\Windows\System32\cryptsp.dll
0x00007fff6a990000 - 0x00007fff6a9aa000 	C:\Program Files\Android\Android Studio\jre\jre\bin\net.dll
0x00007fff7b6d0000 - 0x00007fff7b8a4000 	C:\Windows\SYSTEM32\urlmon.dll
0x00007fff7b9d0000 - 0x00007fff7bc76000 	C:\Windows\SYSTEM32\iertutil.dll
0x00007fff87a40000 - 0x00007fff87a4c000 	C:\Windows\SYSTEM32\CRYPTBASE.DLL
0x00007fff87870000 - 0x00007fff878d7000 	C:\Windows\system32\mswsock.dll
0x00007fff68e20000 - 0x00007fff68e33000 	C:\Program Files\Android\Android Studio\jre\jre\bin\nio.dll
0x00007fff61e10000 - 0x00007fff61e36000 	C:\Users\eng ejlal\.gradle\native\30\windows-amd64\native-platform.dll
0x00007fff80990000 - 0x00007fff8099d000 	C:\Program Files\Android\Android Studio\jre\jre\bin\management.dll
0x00007fff87140000 - 0x00007fff87173000 	C:\Windows\system32\rsaenh.dll
0x00007fff88490000 - 0x00007fff884b6000 	C:\Windows\System32\bcrypt.dll
0x00007fff882c0000 - 0x00007fff882e5000 	C:\Windows\SYSTEM32\USERENV.dll
0x00007fff875d0000 - 0x00007fff8760a000 	C:\Windows\SYSTEM32\IPHLPAPI.DLL
0x00007fff8af60000 - 0x00007fff8af68000 	C:\Windows\System32\NSI.dll
0x00007fff7ec30000 - 0x00007fff7ec46000 	C:\Windows\SYSTEM32\dhcpcsvc6.DLL
0x00007fff7ed00000 - 0x00007fff7ed1c000 	C:\Windows\SYSTEM32\dhcpcsvc.DLL
0x00007fff87610000 - 0x00007fff876da000 	C:\Windows\SYSTEM32\DNSAPI.dll

VM Arguments:
jvm_args: -Xmx1536m -Dfile.encoding=windows-1252 -Duser.country=US -Duser.language=en -Duser.variant 
java_command: org.gradle.launcher.daemon.bootstrap.GradleDaemon 5.6.4
java_class_path (initial): C:\Users\eng ejlal\.gradle\wrapper\dists\gradle-5.6.4-all\ankdp27end7byghfw1q2sw75f\gradle-5.6.4\lib\gradle-launcher-5.6.4.jar
Launcher Type: SUN_STANDARD

Environment Variables:
PATH=C:\Program Files (x86)\Common Files\Oracle\Java\javapath;C:\DevSuiteHome_2\jdk\jre\bin\classic;C:\DevSuiteHome_2\jdk\jre\bin;C:\DevSuiteHome_2\jdk\jre\bin\client;C:\DevSuiteHome_2\jlib;C:\DevSuiteHome_2\bin;C:\oracle\product\10.2.0\db_1\bin;C:\Program Files\Python37\Scripts\;C:\Program Files\Python37\;C:\ProgramData\Oracle\Java\javapath;C:\Windows\system32;C:\Windows;C:\Windows\System32\Wbem;C:\Windows\System32\WindowsPowerShell\v1.0\;C:\Windows\System32\OpenSSH\;C:\Program Files\Microsoft SQL Server\100\Tools\Binn\;C:\Program Files\Microsoft SQL Server\100\DTS\Binn\;C:\Program Files (x86)\Microsoft Visual Studio 9.0\Common7\IDE\PrivateAssemblies\;C:\Program Files\Microsoft SQL Server\120\Tools\Binn\;C:\Program Files\Microsoft SQL Server\120\DTS\Binn\;C:\Program Files\Microsoft SQL Server\Client SDK\ODBC\110\Tools\Binn\;C:\Program Files (x86)\Microsoft SQL Server\120\Tools\Binn\;C:\Program Files (x86)\Microsoft SQL Server\120\Tools\Binn\ManagementStudio\;C:\AppServ\Apache24\bin;C:\AppServ\php5;C:\AppServ\MySQL\bin;C:\Program Files\Python37;C:\Program Files\Python37\share;
USERNAME=eng ejlal
OS=Windows_NT
PROCESSOR_IDENTIFIER=Intel64 Family 6 Model 42 Stepping 7, GenuineIntel



---------------  S Y S T E M  ---------------

OS: Windows 10.0 , 64 bit Build 18362 (10.0.18362.1)

CPU:total 4 (initial active 4) (2 cores per cpu, 2 threads per core) family 6 model 42 stepping 7, cmov, cx8, fxsr, mmx, sse, sse2, sse3, ssse3, sse4.1, sse4.2, popcnt, avx, aes, clmul, ht, tsc, tscinvbit

Memory: 4k page, physical 6238060k(864060k free), swap 8286060k(5124k free)

vm_info: OpenJDK 64-Bit Server VM (25.212-b04) for windows-amd64 JRE (1.8.0_212-release-1586-b04), built by "builder" with MS VC++ 10.0 (VS2010)

time: Sun Mar 28 23:22:53 2021
timezone: Arabian Standard Time
elapsed time: 10 seconds (0d 0h 0m 10s)

