JvmtiExport can_access_local_variables 0
JvmtiExport can_hotswap_or_post_breakpoint 0
JvmtiExport can_post_on_exceptions 0
# 548 ciObject found
ciMethod java/lang/Object <init> ()V 4097 1 145713 0 0
ciMethod java/lang/Object hashCode ()I 2049 1 256 0 -1
ciMethod java/lang/Object equals (Ljava/lang/Object;)Z 2049 1 3990 0 -1
ciMethod java/lang/Object clone ()Ljava/lang/Object; 2049 1 256 0 -1
ciMethod java/lang/String <init> ([CII)V 2865 1 5527 0 704
ciMethod java/lang/String <init> ([BIILjava/lang/String;)V 2049 1 1050 0 -1
ciMethod java/lang/String <init> ([CZ)V 2081 1 12062 0 0
ciMethod java/lang/String length ()I 3089 1 118000 0 0
ciMethod java/lang/String charAt (I)C 4097 1 891899 0 -1
ciMethod java/lang/String codePointAt (I)I 681 1 5030 0 -1
ciMethod java/lang/String getChars ([CI)V 2073 1 6461 0 0
ciMethod java/lang/String equals (Ljava/lang/Object;)Z 2089 12393 3100 0 -1
ciMethod java/lang/String equalsIgnoreCase (Ljava/lang/String;)Z 2049 1 5440 0 1472
ciMethod java/lang/String regionMatches (ZILjava/lang/String;II)Z 1761 657 3869 0 0
ciMethod java/lang/String startsWith (Ljava/lang/String;I)Z 2073 2081 5529 0 416
ciMethod java/lang/String startsWith (Ljava/lang/String;)Z 2121 1 11397 0 -1
ciMethod java/lang/String endsWith (Ljava/lang/String;)Z 2137 1 11402 0 0
ciMethod java/lang/String hashCode ()I 2673 32769 985 0 288
ciMethod java/lang/String indexOf (I)I 2057 1 137249 0 -1
ciMethod java/lang/String indexOf (II)I 1097 41153 809 0 -1
ciMethod java/lang/String indexOfSupplementary (II)I 0 0 1 0 -1
ciMethod java/lang/String lastIndexOf (I)I 2049 1 12944 0 0
ciMethod java/lang/String lastIndexOf (II)I 1025 56449 927 0 288
ciMethod java/lang/String lastIndexOfSupplementary (II)I 0 0 1 0 -1
ciMethod java/lang/String substring (II)Ljava/lang/String; 2081 1 5885 0 960
ciMethod java/lang/String concat (Ljava/lang/String;)Ljava/lang/String; 2049 1 6461 0 864
ciMethod java/lang/String replace (CC)Ljava/lang/String; 1025 54265 720 0 1152
ciMethod java/lang/String toUpperCase (Ljava/util/Locale;)Ljava/lang/String; 425 10569 828 0 2336
ciMethod java/lang/ClassLoader preDefineClass (Ljava/lang/String;Ljava/security/ProtectionDomain;)Ljava/security/ProtectionDomain; 3249 1 1924 0 -1
ciMethod java/lang/ClassLoader defineClassSourceLocation (Ljava/security/ProtectionDomain;)Ljava/lang/String; 3249 1 1925 0 -1
ciMethod java/lang/ClassLoader postDefineClass (Ljava/lang/Class;Ljava/security/ProtectionDomain;)V 3249 1 1925 0 -1
ciMethod java/lang/ClassLoader defineClass (Ljava/lang/String;[BIILjava/security/ProtectionDomain;)Ljava/lang/Class; 2209 1 1854 0 -1
ciMethod java/lang/ClassLoader defineClass1 (Ljava/lang/String;[BIILjava/security/ProtectionDomain;Ljava/lang/String;)Ljava/lang/Class; 5129 1 641 0 -1
ciMethod java/lang/ClassLoader checkName (Ljava/lang/String;)Z 2057 1 5422 0 -1
ciMethod java/lang/ClassLoader checkCerts (Ljava/lang/String;Ljava/security/CodeSource;)V 4097 1 1925 0 -1
ciMethod java/lang/ClassLoader definePackage (Ljava/lang/String;Ljava/lang/String;Ljava/lang/String;Ljava/lang/String;Ljava/lang/String;Ljava/lang/String;Ljava/lang/String;Ljava/net/URL;)Ljava/lang/Package; 985 1 306 0 0
ciMethod java/lang/ClassLoader getPackage (Ljava/lang/String;)Ljava/lang/Package; 2049 1 3473 0 0
ciMethod java/lang/System nanoTime ()J 2049 1 256 0 -1
ciMethod java/lang/System arraycopy (Ljava/lang/Object;ILjava/lang/Object;II)V 5121 1 640 0 -1
ciMethod java/lang/Throwable addSuppressed (Ljava/lang/Throwable;)V 0 0 1 0 -1
ciMethod java/security/ProtectionDomain <init> (Ljava/security/CodeSource;Ljava/security/PermissionCollection;Ljava/lang/ClassLoader;[Ljava/security/Principal;)V 249 1 111 0 -1
ciMethod java/security/ProtectionDomain getCodeSource ()Ljava/security/CodeSource; 1033 1 129 0 -1
ciMethod java/security/SecureClassLoader defineClass (Ljava/lang/String;[BIILjava/security/CodeSource;)Ljava/lang/Class; 2209 1 1784 0 0
ciMethod java/security/SecureClassLoader defineClass (Ljava/lang/String;Ljava/nio/ByteBuffer;Ljava/security/CodeSource;)Ljava/lang/Class; 0 0 1 0 -1
ciMethod java/security/SecureClassLoader getPermissions (Ljava/security/CodeSource;)Ljava/security/PermissionCollection; 609 1 73 0 -1
ciMethod java/security/SecureClassLoader getProtectionDomain (Ljava/security/CodeSource;)Ljava/security/ProtectionDomain; 2209 1 1854 0 -1
ciMethod java/lang/NoClassDefFoundError <init> (Ljava/lang/String;)V 9 1 1 0 -1
ciMethod java/lang/ref/Reference get ()Ljava/lang/Object; 1089 1 136 0 -1
ciMethod java/lang/ref/Reference <init> (Ljava/lang/Object;)V 2049 1 2606 0 0
ciMethod java/lang/ref/Reference <init> (Ljava/lang/Object;Ljava/lang/ref/ReferenceQueue;)V 3081 1 10923 0 96
ciMethod java/lang/ref/SoftReference <init> (Ljava/lang/Object;)V 1905 1 1163 0 0
ciMethod java/lang/ref/SoftReference get ()Ljava/lang/Object; 3105 1 4131 0 0
ciMethod java/lang/Thread currentThread ()Ljava/lang/Thread; 2049 1 256 0 -1
ciMethod java/lang/Thread interrupt ()V 0 0 1 0 -1
ciMethod java/lang/Thread interrupted ()Z 3233 1 2208 0 -1
ciMethod java/util/Map get (Ljava/lang/Object;)Ljava/lang/Object; 0 0 1 0 -1
ciMethod java/util/Map put (Ljava/lang/Object;Ljava/lang/Object;)Ljava/lang/Object; 0 0 1 0 -1
ciMethod java/util/Hashtable <init> (IF)V 2065 1 452 0 0
ciMethod java/util/Hashtable <init> (I)V 769 1 96 0 0
ciMethod java/util/Hashtable <init> ()V 2849 1 356 0 0
ciMethod java/util/Dictionary <init> ()V 2065 1 452 0 0
ciMethod java/lang/StringBuilder <init> ()V 953 1 8476 0 -1
ciMethod java/lang/StringBuilder append (Ljava/lang/Object;)Ljava/lang/StringBuilder; 913 1 438 0 -1
ciMethod java/lang/StringBuilder append (Ljava/lang/String;)Ljava/lang/StringBuilder; 2049 1 15095 0 -1
ciMethod java/lang/StringBuilder append (I)Ljava/lang/StringBuilder; 1 1 406 0 -1
ciMethod java/lang/StringBuilder append (F)Ljava/lang/StringBuilder; 0 0 1 0 -1
ciMethod java/lang/StringBuilder toString ()Ljava/lang/String; 1049 1 8404 0 -1
ciMethod sun/misc/Unsafe ensureClassInitialized (Ljava/lang/Class;)V 1153 1 142 0 -1
ciMethod java/io/ByteArrayInputStream <init> ([B)V 57 1 97 0 0
ciMethod java/io/InputStream <init> ()V 2049 1 5159 0 0
ciMethod java/io/InputStream read ([BII)I 9 1585 1 0 -1
ciMethod java/io/InputStream close ()V 0 0 1 0 -1
ciMethod java/net/URLClassLoader getAndVerifyPackage (Ljava/lang/String;Ljava/util/jar/Manifest;Ljava/net/URL;)Ljava/lang/Package; 3233 1 1812 0 0
ciMethod java/net/URLClassLoader definePackageInternal (Ljava/lang/String;Ljava/util/jar/Manifest;Ljava/net/URL;)V 2209 1 1784 0 0
ciMethod java/net/URLClassLoader defineClass (Ljava/lang/String;Lsun/misc/Resource;)Ljava/lang/Class; 1137 1 1783 0 0
ciMethod java/net/URLClassLoader definePackage (Ljava/lang/String;Ljava/util/jar/Manifest;Ljava/net/URL;)Ljava/lang/Package; 985 1 305 0 0
ciMethod java/net/URLClassLoader isSealed (Ljava/lang/String;Ljava/util/jar/Manifest;)Z 2049 1 1507 0 0
ciMethod java/net/URLClassLoader access$000 (Ljava/net/URLClassLoader;)Lsun/misc/URLClassPath; 1097 1 137 0 0
ciMethod java/net/URLClassLoader access$100 (Ljava/net/URLClassLoader;Ljava/lang/String;Lsun/misc/Resource;)Ljava/lang/Class; 1137 1 1779 0 0
ciMethod java/net/URL getRef ()Ljava/lang/String; 1065 1 133 0 -1
ciMethod java/net/URL equals (Ljava/lang/Object;)Z 3073 1 1855 0 -1
ciMethod java/util/jar/Manifest <init> (Ljava/io/InputStream;)V 201 1 70 0 0
ciMethod java/util/jar/Manifest <init> (Ljava/util/jar/JarVerifier;Ljava/io/InputStream;)V 257 1 164 0 0
ciMethod java/util/jar/Manifest getMainAttributes ()Ljava/util/jar/Attributes; 1025 1 128 0 0
ciMethod java/util/jar/Manifest getEntries ()Ljava/util/Map; 1025 1 128 0 0
ciMethod java/util/jar/Manifest getAttributes (Ljava/lang/String;)Ljava/util/jar/Attributes; 4097 1 1907 0 0
ciMethod java/util/jar/Manifest getTrustedAttributes (Ljava/lang/String;)Ljava/util/jar/Attributes; 2953 1 1831 0 0
ciMethod java/util/jar/Manifest read (Ljava/io/InputStream;)V 1345 401 165 0 -1
ciMethod java/util/jar/Manifest parseName ([BI)Ljava/lang/String; 401 1 49 0 -1
ciMethod java/security/CodeSource <init> (Ljava/net/URL;[Ljava/security/CodeSigner;)V 2209 1 1784 0 0
ciMethod java/lang/Character charCount (I)I 1025 1 8382 0 -1
ciMethod java/lang/Character toChars (I[CI)I 0 0 1 0 -1
ciMethod java/lang/Character toChars (I)[C 0 0 1 0 -1
ciMethod java/lang/Character toLowerCase (C)C 2073 1 12486 0 0
ciMethod java/lang/Character toLowerCase (I)I 4097 1 131113 0 0
ciMethod java/lang/Character toUpperCase (C)C 1681 1 11187 0 192
ciMethod java/lang/Character toUpperCase (I)I 1681 1 11189 0 0
ciMethod java/lang/Character toUpperCaseEx (I)I 2329 1 27312 0 -1
ciMethod java/lang/Character toUpperCaseCharArray (I)[C 0 0 1 0 -1
ciMethod java/lang/Float isNaN (F)Z 2049 1 3002 0 0
ciMethod java/lang/Float floatToRawIntBits (F)I 9 1 1 0 -1
ciMethod java/util/Comparator compare (Ljava/lang/Object;Ljava/lang/Object;)I 0 0 1 0 -1
ciMethod java/security/AccessController doPrivileged (Ljava/security/PrivilegedAction;)Ljava/lang/Object; 2049 1 256 0 -1
ciMethod java/util/AbstractList <init> ()V 2073 1 5566 0 0
ciMethod java/util/AbstractCollection <init> ()V 385 1 9613 0 32
ciMethod java/util/ArrayList <init> ()V 1073 1 2506 0 0
ciMethod java/util/ArrayList get (I)Ljava/lang/Object; 2881 1 5968 0 -1
ciMethod java/util/AbstractMap <init> ()V 473 1 3718 0 0
ciMethod sun/misc/SharedSecrets javaUtilJarAccess ()Lsun/misc/JavaUtilJarAccess; 2057 1 3830 0 0
ciMethod java/util/HashMap hash (Ljava/lang/Object;)I 2161 1 23051 0 0
ciMethod java/util/HashMap tableSizeFor (I)I 2137 1 1976 0 -1
ciMethod java/util/HashMap <init> (IF)V 2097 1 1971 0 0
ciMethod java/util/HashMap <init> (I)V 2049 1 737 0 0
ciMethod java/util/HashMap <init> ()V 161 1 1029 0 0
ciMethod java/util/HashMap get (Ljava/lang/Object;)Ljava/lang/Object; 2065 1 12589 0 576
ciMethod java/util/HashMap getNode (ILjava/lang/Object;)Ljava/util/HashMap$Node; 2089 1 7545 0 544
ciMethod java/util/HashMap put (Ljava/lang/Object;Ljava/lang/Object;)Ljava/lang/Object; 1257 1 7444 0 224
ciMethod java/util/HashMap putVal (ILjava/lang/Object;Ljava/lang/Object;ZZ)Ljava/lang/Object; 1289 9 7662 0 4352
ciMethod java/util/HashMap resize ()[Ljava/util/HashMap$Node; 457 201 1717 0 -1
ciMethod java/util/HashMap treeifyBin ([Ljava/util/HashMap$Node;I)V 0 0 1 0 -1
ciMethod java/util/HashMap newNode (ILjava/lang/Object;Ljava/lang/Object;Ljava/util/HashMap$Node;)Ljava/util/HashMap$Node; 2137 1 5547 0 -1
ciMethod java/util/HashMap afterNodeAccess (Ljava/util/HashMap$Node;)V 3073 1 1270 0 -1
ciMethod java/util/HashMap afterNodeInsertion (Z)V 2313 1 1325 0 -1
ciMethod sun/misc/VM allowArraySyntax ()Z 2057 1 5422 0 -1
ciMethod java/lang/Math max (II)I 713 1 75232 0 -1
ciMethod java/lang/Math min (II)I 3065 1 45101 0 -1
ciMethod java/lang/Math min (FF)F 2049 1 480 0 0
ciMethod java/io/OutputStream <init> ()V 2049 1 275 0 0
ciMethod java/util/Arrays copyOf ([BI)[B 2057 1 10570 0 -1
ciMethod java/util/Arrays copyOf ([CI)[C 913 1 17778 0 0
ciMethod java/util/Arrays copyOfRange ([CII)[C 3073 1 5525 0 480
ciMethod java/io/PrintStream println (Ljava/lang/String;)V 0 0 1 0 -1
ciMethodData java/lang/Object <init> ()V 2 145713 orig 264 8 206 15 98 0 0 0 0 128 4 212 21 0 0 0 0 32 1 0 0 0 0 0 0 0 0 0 0 0 0 0 0 0 0 0 0 0 0 0 0 0 0 0 0 0 0 0 0 0 0 0 0 0 0 0 0 0 0 0 0 0 0 0 0 0 0 0 0 0 0 0 0 0 0 0 0 0 0 0 0 77 68 79 32 101 120 116 114 97 32 100 97 116 97 32 108 111 99 107 0 0 0 0 0 0 0 0 0 0 0 0 0 0 0 0 0 0 0 0 0 0 0 0 0 0 0 0 0 0 0 0 0 0 0 0 0 0 0 0 0 0 0 0 0 0 0 0 0 0 0 0 0 0 0 0 0 0 0 0 0 0 0 0 0 0 0 0 0 0 0 0 0 0 0 0 0 0 0 0 0 0 0 0 0 1 0 0 0 0 0 0 0 1 0 0 0 0 0 0 0 1 0 0 0 0 0 0 0 0 0 0 0 0 0 0 0 0 2 0 0 137 185 17 0 1 0 0 0 0 0 0 0 0 0 0 0 2 0 0 0 0 0 3 0 1 0 0 0 0 0 0 0 255 255 255 255 0 0 0 0 0 0 0 0 data 0 oops 0
ciMethod java/lang/IllegalArgumentException <init> (Ljava/lang/String;)V 0 0 1 0 -1
ciMethod sun/security/util/Debug println (Ljava/lang/String;)V 0 0 1 0 -1
ciMethod sun/misc/MetaIndex mayContain (Ljava/lang/String;)Z 1585 2449 2924 0 -1
ciMethodData java/lang/String charAt (I)C 2 893431 orig 264 8 206 15 98 0 0 0 0 176 61 212 21 0 0 0 0 120 1 0 0 32 0 0 0 0 0 0 0 0 0 0 0 0 0 0 0 0 0 0 0 0 0 0 0 0 0 0 0 0 0 0 0 0 0 0 0 0 0 0 0 0 0 0 0 0 0 0 0 0 0 0 0 0 0 0 0 0 0 0 0 77 68 79 32 101 120 116 114 97 32 100 97 116 97 32 108 111 99 107 0 0 0 0 0 0 0 0 0 0 0 0 0 0 0 0 0 0 0 0 0 0 0 0 0 0 0 0 0 0 0 0 0 0 0 0 0 0 0 0 0 0 0 0 0 0 0 0 0 0 0 0 0 0 0 0 0 0 0 0 0 0 0 0 0 0 0 0 0 0 0 0 0 0 0 0 0 0 0 0 0 0 0 0 0 25 0 0 0 0 0 0 0 0 0 0 0 0 0 0 0 1 0 0 0 0 0 0 0 0 0 0 0 0 0 0 0 0 2 0 0 185 255 108 0 1 0 0 0 0 0 0 0 0 0 0 0 2 0 0 0 0 0 8 0 2 0 0 0 80 0 0 0 255 255 255 255 7 0 1 0 0 0 0 0 data 10 0x10007 0x0 0x40 0xd9ff7 0xa0007 0xd9ff7 0x30 0x0 0x120002 0x0 oops 0
ciMethod java/util/Locale getLanguage ()Ljava/lang/String; 393 1 1453 0 -1
ciMethod java/lang/CharacterData toLowerCase (I)I 0 0 1 0 -1
ciMethod java/lang/CharacterData toUpperCase (I)I 0 0 1 0 -1
ciMethod java/lang/CharacterData of (I)Ljava/lang/CharacterData; 4097 1 7182 0 96
ciMethod java/lang/CharacterDataLatin1 getProperties (I)I 4097 1 33063 0 -1
ciMethod java/lang/CharacterDataLatin1 toLowerCase (I)I 4097 1 9153 0 160
ciMethod java/lang/CharacterDataLatin1 toUpperCase (I)I 2049 1 6405 0 160
ciMethod java/util/HashMap$TreeNode getTreeNode (ILjava/lang/Object;)Ljava/util/HashMap$TreeNode; 0 0 1 0 -1
ciMethod java/util/HashMap$TreeNode putTreeVal (Ljava/util/HashMap;[Ljava/util/HashMap$Node;ILjava/lang/Object;Ljava/lang/Object;)Ljava/util/HashMap$TreeNode; 0 0 1 0 -1
ciMethodData java/lang/Character toLowerCase (I)I 2 131113 orig 264 8 206 15 98 0 0 0 0 120 198 221 21 0 0 0 0 136 1 0 0 0 0 0 0 0 0 0 0 0 0 0 0 0 0 0 0 0 0 0 0 0 0 0 0 0 0 0 0 0 0 0 0 0 0 0 0 0 0 0 0 0 0 0 0 0 0 0 0 0 0 0 0 0 0 0 0 0 0 0 0 77 68 79 32 101 120 116 114 97 32 100 97 116 97 32 108 111 99 107 0 0 0 0 0 0 0 0 0 0 0 0 0 0 0 0 0 0 0 0 0 0 0 0 0 0 0 0 0 0 0 0 0 0 0 0 0 0 0 0 0 0 0 0 0 0 0 0 0 0 0 0 0 0 0 0 0 0 0 0 0 0 0 0 0 0 0 0 0 0 0 0 0 0 0 0 0 0 0 0 0 0 0 0 0 0 0 0 0 0 0 0 0 0 0 0 0 0 0 0 0 0 0 0 0 0 0 0 0 0 0 0 0 0 0 0 0 0 2 0 0 73 241 15 0 1 0 0 0 0 0 0 0 0 0 0 0 2 0 0 0 0 0 3 0 2 0 0 0 64 0 0 0 255 255 255 255 2 0 1 0 0 0 0 0 data 8 0x10002 0x1fe29 0x50005 0x0 0x1917d9d0 0x1fe29 0x0 0x0 oops 1